<?xml version="1.0" encoding="UTF-8"?>
<!-- Generated by org.testng.reporters.JUnitReportReporter -->
<testsuite hostname="LAPTOP-F9NFAIQL" failures="0" tests="1" name="com.testcases.SampleTest" time="0.000" errors="0" timestamp="2023-04-15T10:43:47 IST" skipped="0">
  <testcase classname="com.testcases.SampleTest" name="testCase" time="0.000"/>
  <system-out/>
</testsuite> <!-- com.testcases.SampleTest -->
